<?xml version="1.0" ?>
<coverage version="7.6.1" timestamp="1730000000" lines-valid="1" lines-covered="1" line-rate="1.0" branches-covered="0" branches-valid="0" branch-rate="0" complexity="0">
  <sources>
    <source>/app</source>
  </sources>
  <packages>
    <package name="quizapp" line-rate="1.0" branch-rate="0" complexity="0">
      <classes>
        <class name="_init.py" filename="quizapp/init_.py" line-rate="1.0" branch-rate="0" complexity="0">
          <lines>
            <line number="1" hits="1"/>
          </lines>
        </class>
      </classes>
    </package>
  </packages>
</coverage>