<?xml version="1.0" ?>
<coverage version="7.6.1" timestamp="1730000000"
          lines-valid="120"
          lines-covered="45"
          line-rate="0.375"
          branches-covered="0"
          branches-valid="0"
          branch-rate="0"
          complexity="0">

  <sources>
    <source>.</source>
  </sources>

  <packages>

    <package name="quiz" line-rate="0.40" branch-rate="0" complexity="0">
      <classes>
        <class name="views.py" filename="quiz/views.py" line-rate="0.45" branch-rate="0" complexity="0">
          <lines>
            <line number="10" hits="1"/>
            <line number="11" hits="1"/>
            <line number="12" hits="0"/>
            <line number="13" hits="1"/>
          </lines>
        </class>
      </classes>
    </package>

    <package name="account" line-rate="0.30" branch-rate="0" complexity="0">
      <classes>
        <class name="models.py" filename="account/models.py" line-rate="0.30" branch-rate="0" complexity="0">
          <lines>
            <line number="5" hits="1"/>
            <line number="6" hits="0"/>
            <line number="7" hits="1"/>
          </lines>
        </class>
      </classes>
    </package>

    <package name="base" line-rate="0.35" branch-rate="0" complexity="0">
      <classes>
        <class name="utils.py" filename="base/utils.py" line-rate="0.35" branch-rate="0" complexity="0">
          <lines>
            <line number="3" hits="1"/>
            <line number="4" hits="0"/>
          </lines>
        </class>
      </classes>
    </package>

  </packages>
</coverage>
